[debug] [2021-07-02T11:51:37.024Z] ----------------------------------------------------------------------
[debug] [2021-07-02T11:51:37.025Z] Command:       /Users/macorifice/.nvm/versions/node/v12.19.1/bin/node /Users/macorifice/.nvm/versions/node/v12.19.1/bin/firebase init
[debug] [2021-07-02T11:51:37.025Z] CLI Version:   9.14.0
[debug] [2021-07-02T11:51:37.025Z] Platform:      darwin
[debug] [2021-07-02T11:51:37.025Z] Node Version:  v12.19.1
[debug] [2021-07-02T11:51:37.026Z] Time:          Fri Jul 02 2021 13:51:37 GMT+0200 (Central European Summer Time)
[debug] [2021-07-02T11:51:37.026Z] ----------------------------------------------------------------------
[debug] 
[debug] [2021-07-02T11:51:37.031Z] > command requires scopes: ["email","openid","https://www.googleapis.com/auth/cloudplatformprojects.readonly","https://www.googleapis.com/auth/firebase","https://www.googleapis.com/auth/cloud-platform"]
[debug] [2021-07-02T11:51:37.031Z] > authorizing via signed-in user (diceccostefano87@gmail.com)
[info] 
     ######## #### ########  ######## ########     ###     ######  ########
     ##        ##  ##     ## ##       ##     ##  ##   ##  ##       ##
     ######    ##  ########  ######   ########  #########  ######  ######
     ##        ##  ##    ##  ##       ##     ## ##     ##       ## ##
     ##       #### ##     ## ######## ########  ##     ##  ######  ########

You're about to initialize a Firebase project in this directory:

  /Users/macorifice/Desktop/projects/personal/virtoote

[info] 
=== Project Setup
[info] 
[info] First, let's associate this project directory with a Firebase project.
[info] You can create multiple project aliases by running firebase use --add, 
[info] but for now we'll just set up a default project.
[info] 
[debug] [2021-07-02T11:52:00.994Z] >>> [apiv2][query] GET https://firebase.googleapis.com/v1beta1/projects pageSize=100
[debug] [2021-07-02T11:52:01.390Z] <<< [apiv2][status] GET https://firebase.googleapis.com/v1beta1/projects 200
[debug] [2021-07-02T11:52:01.391Z] <<< [apiv2][body] GET https://firebase.googleapis.com/v1beta1/projects [omitted]
[info] i  Using project virtoote-fb58d (virtoote) 
[info] 
=== Hosting Setup
[info] 
[info] Your public directory is the folder (relative to your project directory) that
[info] will contain Hosting assets to be uploaded with firebase deploy. If you
[info] have a build process for your assets, use your build's output directory.
[info] 
[debug] [2021-07-02T11:52:35.228Z] >>> [apiv2][query] GET https://www.gstatic.com/firebasejs/releases.json [none]
[debug] [2021-07-02T11:52:35.355Z] <<< [apiv2][status] GET https://www.gstatic.com/firebasejs/releases.json 200
[debug] [2021-07-02T11:52:35.355Z] <<< [apiv2][body] GET https://www.gstatic.com/firebasejs/releases.json {"current":{"version":"8.7.0","browserURL":"https://www.gstatic.com/firebasejs/8.7.0/firebase.js","packageURL":"https://www.gstatic.com/firebasejs/8.7.0/firebase.tgz"},"live":{"version":"8.7","browserURL":"https://www.gstatic.com/firebasejs/live/8.7/firebase.js","packageURL":"https://www.gstatic.com/firebasejs/live/8.7/firebase.tgz"},"components":{"analytics":"https://www.gstatic.com/firebasejs/8.7.0/firebase-analytics.js","app":"https://www.gstatic.com/firebasejs/8.7.0/firebase-app.js","app-check":"https://www.gstatic.com/firebasejs/8.7.0/firebase-app-check.js","auth":"https://www.gstatic.com/firebasejs/8.7.0/firebase-auth.js","database":"https://www.gstatic.com/firebasejs/8.7.0/firebase-database.js","firestore":"https://www.gstatic.com/firebasejs/8.7.0/firebase-firestore.js","functions":"https://www.gstatic.com/firebasejs/8.7.0/firebase-functions.js","installations":"https://www.gstatic.com/firebasejs/8.7.0/firebase-installations.js","messaging":"https://www.gstatic.com/firebasejs/8.7.0/firebase-messaging.js","storage":"https://www.gstatic.com/firebasejs/8.7.0/firebase-storage.js","performance":"https://www.gstatic.com/firebasejs/8.7.0/firebase-performance.js","remote-config":"https://www.gstatic.com/firebasejs/8.7.0/firebase-remote-config.js","firestore.memory":"https://www.gstatic.com/firebasejs/8.7.0/firebase-firestore.memory.js"}}
[info] ✔  Wrote dist/index.html 
[info] 
[info] i  Detected a .git folder at /Users/macorifice 
[info] i  Authorizing with GitHub to upload your service account to a GitHub repository's secrets store. 
[info] 
[info] Visit this URL on this device to log in:
[info] https://github.com/login/oauth/authorize?client_id=89cf50f02ac6aaed3484&state=320695012&redirect_uri=http%3A%2F%2Flocalhost%3A9005&scope=read%3Auser%20repo%20public_repo
[info] 
[info] Waiting for authentication...
[debug] [2021-07-02T11:52:35.801Z] >>> HTTP REQUEST POST https://github.com/login/oauth/access_token  
 {"client_id":"89cf50f02ac6aaed3484","client_secret":"3330d14abc895d9a74d5f17cd7a00711fa2c5bf0","code":"1f3c00e7b6c03ca597ac","redirect_uri":"http://localhost:9005","state":"320695012"}
[debug] [2021-07-02T11:52:36.050Z] <<< HTTP RESPONSE 200 {"server":"GitHub.com","date":"Fri, 02 Jul 2021 11:52:36 GMT","content-type":"application/json; charset=utf-8","transfer-encoding":"chunked","vary":"X-PJAX, Accept-Encoding, Accept, X-Requested-With","permissions-policy":"interest-cohort=()","etag":"W/\"df676b8135442d05966a2ec07a863fd0\"","cache-control":"max-age=0, private, must-revalidate","strict-transport-security":"max-age=31536000; includeSubdomains; preload","x-frame-options":"deny","x-content-type-options":"nosniff","x-xss-protection":"0","referrer-policy":"origin-when-cross-origin, strict-origin-when-cross-origin","expect-ct":"max-age=2592000, report-uri=\"https://api.github.com/_private/browser/errors\"","content-security-policy":"default-src 'none'; base-uri 'self'; block-all-mixed-content; connect-src 'self' uploads.github.com www.githubstatus.com collector.githubapp.com api.github.com github-cloud.s3.amazonaws.com github-production-repository-file-5c1aeb.s3.amazonaws.com github-production-upload-manifest-file-7fdce7.s3.amazonaws.com github-production-user-asset-6210df.s3.amazonaws.com cdn.optimizely.com logx.optimizely.com/v1/events translator.github.com wss://alive.github.com; font-src github.githubassets.com; form-action 'self' github.com gist.github.com; frame-ancestors 'none'; frame-src render.githubusercontent.com render-temp.githubusercontent.com viewscreen.githubusercontent.com; img-src 'self' data: github.githubassets.com identicons.github.com collector.githubapp.com github-cloud.s3.amazonaws.com secured-user-images.githubusercontent.com/ *.githubusercontent.com; manifest-src 'self'; media-src 'none'; script-src github.githubassets.com; style-src 'unsafe-inline' github.githubassets.com; worker-src github.com/socket-worker-3f088aa2.js gist.github.com/socket-worker-3f088aa2.js","x-github-request-id":"CF13:D0D0:1ED4023:1FB7211:60DEFE03"}
[debug] [2021-07-02T11:52:36.054Z] >>> [apiv2][query] GET https://api.github.com/user [none]
[debug] [2021-07-02T11:52:36.330Z] <<< [apiv2][status] GET https://api.github.com/user 200
[debug] [2021-07-02T11:52:36.330Z] <<< [apiv2][body] GET https://api.github.com/user {"login":"macorifice","id":2563910,"node_id":"MDQ6VXNlcjI1NjM5MTA=","avatar_url":"https://avatars.githubusercontent.com/u/2563910?v=4","gravatar_id":"","url":"https://api.github.com/users/macorifice","html_url":"https://github.com/macorifice","followers_url":"https://api.github.com/users/macorifice/followers","following_url":"https://api.github.com/users/macorifice/following{/other_user}","gists_url":"https://api.github.com/users/macorifice/gists{/gist_id}","starred_url":"https://api.github.com/users/macorifice/starred{/owner}{/repo}","subscriptions_url":"https://api.github.com/users/macorifice/subscriptions","organizations_url":"https://api.github.com/users/macorifice/orgs","repos_url":"https://api.github.com/users/macorifice/repos","events_url":"https://api.github.com/users/macorifice/events{/privacy}","received_events_url":"https://api.github.com/users/macorifice/received_events","type":"User","site_admin":false,"name":"Stefano","company":null,"blog":"https://www.linkedin.com/in/stefano-di-cecco-40343170/","location":"Roma","email":"macorifice@gmail.com","hireable":null,"bio":"“Any fool can write code that a computer can understand. Good programmers write code that humans can understand.” — Martin Fowler","twitter_username":"macorifice","public_repos":17,"public_gists":3,"followers":5,"following":33,"created_at":"2012-10-15T12:13:36Z","updated_at":"2021-07-01T18:21:20Z","private_gists":0,"total_private_repos":34,"owned_private_repos":34,"disk_usage":252976,"collaborators":2,"two_factor_authentication":false,"plan":{"name":"pro","space":976562499,"collaborators":0,"private_repos":9999}}
[info] 
[info] ✔  Success! Logged into GitHub as macorifice 
[info] 
